2024-02-17T15:23:37.053Z [34minfo[39m: 	[34mServer beating 💓 on port :: 8000[39m
2024-02-17T15:24:49.485Z [34minfo[39m: 	[34mServer beating 💓 on port :: 8000[39m
2024-02-17T15:25:40.291Z [34minfo[39m: 	[34mServer beating 💓 on port :: 8000[39m
2024-02-17T15:25:43.313Z [34minfo[39m: 	[34mServer beating 💓 on port :: 8000[39m
2024-02-17T15:28:07.426Z [34minfo[39m: 	[34mServer beating 💓 on port :: 8000[39m
2024-02-17T15:36:03.826Z [34minfo[39m: 	[34mServer beating 💓 on port :: 8000[39m
2024-02-17T15:36:07.702Z [34minfo[39m: 	[34mServer beating 💓 on port :: 8000[39m
2024-02-17T15:36:08.956Z [34minfo[39m: 	[34mServer beating 💓 on port :: 8000[39m
2024-02-17T15:45:21.596Z [34minfo[39m: 	[34mServer beating 💓 on port :: 8000[39m
2024-02-17T15:45:56.330Z [34minfo[39m: 	[34mServer beating 💓 on port :: 8000[39m
2024-02-17T15:46:09.253Z [34minfo[39m: 	[34mServer beating 💓 on port :: 8000[39m
2024-02-17T15:46:10.113Z [34minfo[39m: 	[34mServer beating 💓 on port :: 8000[39m
2024-02-17T15:46:39.211Z [34minfo[39m: 	[34mServer beating 💓 on port :: 8000[39m
2024-02-17T15:46:58.017Z [34minfo[39m: 	[34mServer beating 💓 on port :: 8000[39m
2024-02-17T15:47:00.123Z [34minfo[39m: 	[34mServer beating 💓 on port :: 8000[39m
2024-02-17T15:47:02.346Z [34minfo[39m: 	[34mServer beating 💓 on port :: 8000[39m
2024-02-17T16:36:33.430Z [34minfo[39m: 	[34mServer beating 💓 on port :: 8000[39m
2024-02-17T18:02:52.176Z [34minfo[39m: 	[34mServer beating 💓 on port :: 8000[39m
2024-02-17T18:02:52.614Z [34minfo[39m: 	[34mServer beating 💓 on port :: 8000[39m
2024-02-17T18:02:53.303Z [34minfo[39m: 	[34mServer beating 💓 on port :: 8000[39m
2024-02-17T18:03:23.842Z [34minfo[39m: 	[34mServer beating 💓 on port :: 8000[39m
2024-02-17T18:04:05.913Z [34minfo[39m: 	[34mServer beating 💓 on port :: 8000[39m
2024-02-17T23:46:13.318Z [34minfo[39m: 	[34mServer beating 💓 on port :: 8000[39m
2024-02-18T00:09:31.744Z [34minfo[39m: 	[34mServer beating 💓 on port :: 8000[39m
2024-02-18T00:09:49.873Z [34minfo[39m: 	[34mServer beating 💓 on port :: 8000[39m
2024-02-18T00:10:07.322Z [34minfo[39m: 	[34mServer beating 💓 on port :: 8000[39m
2024-02-18T00:10:16.079Z [34minfo[39m: 	[34mServer beating 💓 on port :: 8000[39m
2024-02-18T00:10:19.580Z [34minfo[39m: 	[34mServer beating 💓 on port :: 8000[39m
2024-02-18T00:10:25.436Z [34minfo[39m: 	[34mServer beating 💓 on port :: 8000[39m
2024-02-18T00:10:43.506Z [34minfo[39m: 	[34mServer beating 💓 on port :: 8000[39m
2024-02-18T00:14:06.231Z [34minfo[39m: 	[34mServer beating 💓 on port :: 8000[39m
2024-02-18T00:14:15.029Z [34minfo[39m: 	[34mServer beating 💓 on port :: 8000[39m
2024-02-18T00:14:17.630Z [34minfo[39m: 	[34mServer beating 💓 on port :: 8000[39m
2024-02-18T00:15:49.415Z [34minfo[39m: 	[34mServer beating 💓 on port :: 8000[39m
2024-02-18T00:15:51.350Z [34minfo[39m: 	[34mServer beating 💓 on port :: 8000[39m
2024-02-18T00:15:56.964Z [34minfo[39m: 	[34mServer beating 💓 on port :: 8000[39m
2024-02-18T00:16:01.062Z [34minfo[39m: 	[34mServer beating 💓 on port :: 8000[39m
2024-02-18T00:16:46.615Z [34minfo[39m: 	[34mServer beating 💓 on port :: 8000[39m
2024-02-18T00:17:04.005Z [34minfo[39m: 	[34mServer beating 💓 on port :: 8000[39m
2024-02-18T00:18:05.648Z [34minfo[39m: 	[34mServer beating 💓 on port :: 8000[39m
2024-02-18T00:18:09.338Z [34minfo[39m: 	[34mServer beating 💓 on port :: 8000[39m
2024-02-18T00:18:13.764Z [34minfo[39m: 	[34mServer beating 💓 on port :: 8000[39m
2024-02-18T00:21:45.648Z [34minfo[39m: 	[34mServer beating 💓 on port :: 8000[39m
2024-02-18T00:21:50.306Z [34minfo[39m: 	[34mServer beating 💓 on port :: 8000[39m
2024-02-18T00:21:53.835Z [34minfo[39m: 	[34mServer beating 💓 on port :: 8000[39m
2024-02-18T00:37:46.922Z [34minfo[39m: 	[34mServer beating 💓 on port :: 8000[39m
2024-02-18T00:37:48.758Z [34minfo[39m: 	[34mServer beating 💓 on port :: 8000[39m
2024-02-18T00:38:05.683Z [34minfo[39m: 	[34mServer beating 💓 on port :: 8000[39m
2024-02-18T00:38:11.691Z [34minfo[39m: 	[34mServer beating 💓 on port :: 8000[39m
2024-02-18T00:38:13.284Z [34minfo[39m: 	[34mServer beating 💓 on port :: 8000[39m
2024-02-18T00:38:46.080Z [34minfo[39m: 	[34mServer beating 💓 on port :: 8000[39m
2024-02-18T00:38:49.136Z [34minfo[39m: 	[34mServer beating 💓 on port :: 8000[39m
2024-02-18T00:38:55.711Z [34minfo[39m: 	[34mServer beating 💓 on port :: 8000[39m
2024-02-18T00:38:57.280Z [34minfo[39m: 	[34mServer beating 💓 on port :: 8000[39m
2024-02-18T00:42:15.262Z [34minfo[39m: 	[34mServer beating 💓 on port :: 8000[39m
2024-02-18T00:42:39.707Z [34minfo[39m: 	[34mServer beating 💓 on port :: 8000[39m
2024-02-18T00:42:48.277Z [34minfo[39m: 	[34mServer beating 💓 on port :: 8000[39m
2024-02-18T00:42:55.063Z [34minfo[39m: 	[34mServer beating 💓 on port :: 8000[39m
2024-02-18T00:43:02.814Z [34minfo[39m: 	[34mServer beating 💓 on port :: 8000[39m
2024-02-18T00:43:03.885Z [34minfo[39m: 	[34mServer beating 💓 on port :: 8000[39m
2024-02-18T00:43:05.679Z [34minfo[39m: 	[34mServer beating 💓 on port :: 8000[39m
2024-02-18T00:53:12.138Z [34minfo[39m: 	[34mServer beating 💓 on port :: 8000[39m
2024-02-18T00:53:13.033Z [34minfo[39m: 	[34mServer beating 💓 on port :: 8000[39m
2024-02-18T00:53:44.122Z [34minfo[39m: 	[34mServer beating 💓 on port :: 8000[39m
2024-02-18T01:00:17.682Z [34minfo[39m: 	[34mServer beating 💓 on port :: 8000[39m
2024-02-18T01:00:27.508Z [34minfo[39m: 	[34mServer beating 💓 on port :: 8000[39m
2024-02-18T01:00:29.180Z [34minfo[39m: 	[34mServer beating 💓 on port :: 8000[39m
2024-02-18T01:00:56.548Z [34minfo[39m: 	[34mServer beating 💓 on port :: 8000[39m
2024-02-18T01:01:07.632Z [34minfo[39m: 	[34mServer beating 💓 on port :: 8000[39m
2024-02-18T01:01:25.019Z [34minfo[39m: 	[34mServer beating 💓 on port :: 8000[39m
2024-02-18T01:01:27.349Z [34minfo[39m: 	[34mServer beating 💓 on port :: 8000[39m
2024-02-18T01:01:30.687Z [34minfo[39m: 	[34mServer beating 💓 on port :: 8000[39m
2024-02-18T01:01:40.933Z [34minfo[39m: 	[34mServer beating 💓 on port :: 8000[39m
2024-02-18T01:01:45.146Z [34minfo[39m: 	[34mServer beating 💓 on port :: 8000[39m
2024-02-18T01:03:01.371Z [34minfo[39m: 	[34mServer beating 💓 on port :: 8000[39m
2024-02-18T01:03:06.172Z [34minfo[39m: 	[34mServer beating 💓 on port :: 8000[39m
2024-02-18T01:03:31.436Z [34minfo[39m: 	[34mServer beating 💓 on port :: 8000[39m
2024-02-18T01:03:43.187Z [34minfo[39m: 	[34mServer beating 💓 on port :: 8000[39m
2024-02-18T01:03:56.264Z [34minfo[39m: 	[34mServer beating 💓 on port :: 8000[39m
2024-02-18T01:03:57.913Z [34minfo[39m: 	[34mServer beating 💓 on port :: 8000[39m
2024-02-18T01:04:02.398Z [34minfo[39m: 	[34mServer beating 💓 on port :: 8000[39m
2024-02-18T01:04:48.984Z [34minfo[39m: 	[34mServer beating 💓 on port :: 8000[39m
2024-02-18T01:04:50.696Z [34minfo[39m: 	[34mServer beating 💓 on port :: 8000[39m
2024-02-18T01:05:35.282Z [34minfo[39m: 	[34mServer beating 💓 on port :: 8000[39m
2024-02-18T01:07:36.818Z [34minfo[39m: 	[34mServer beating 💓 on port :: 8000[39m
2024-02-18T01:07:50.310Z [34minfo[39m: 	[34mServer beating 💓 on port :: 8000[39m
2024-02-18T01:08:00.484Z [34minfo[39m: 	[34mServer beating 💓 on port :: 8000[39m
2024-02-18T01:08:10.060Z [34minfo[39m: 	[34mServer beating 💓 on port :: 8000[39m
2024-02-18T01:30:36.713Z [34minfo[39m: 	[34mServer beating 💓 on port :: 8000[39m
2024-02-18T14:26:10.374Z [34minfo[39m: 	[34mServer beating 💓 on port :: 8000[39m
2024-02-18T15:03:37.270Z [34minfo[39m: 	[34mServer beating 💓 on port :: 8000[39m
2024-02-18T15:04:02.907Z [34minfo[39m: 	[34mServer beating 💓 on port :: 8000[39m
2024-02-18T15:04:08.169Z [34minfo[39m: 	[34mServer beating 💓 on port :: 8000[39m
2024-02-18T15:05:22.683Z [34minfo[39m: 	[34mServer beating 💓 on port :: 8000[39m
2024-02-18T15:05:43.656Z [34minfo[39m: 	[34mServer beating 💓 on port :: 8000[39m
2024-02-18T15:05:48.094Z [34minfo[39m: 	[34mServer beating 💓 on port :: 8000[39m
2024-02-18T23:59:15.278Z [34minfo[39m: 	[34mServer beating 💓 on port :: 8000[39m
2024-02-18T23:59:46.798Z [34minfo[39m: 	[34mServer beating 💓 on port :: 8000[39m
2024-02-18T23:59:55.887Z [34minfo[39m: 	[34mServer beating 💓 on port :: 8000[39m
2024-02-19T00:02:11.970Z [34minfo[39m: 	[34mServer beating 💓 on port :: 8000[39m
2024-02-19T00:02:21.414Z [34minfo[39m: 	[34mServer beating 💓 on port :: 8000[39m
2024-02-19T00:06:41.475Z [34minfo[39m: 	[34mServer beating 💓 on port :: 8000[39m
2024-02-19T00:06:43.173Z [34minfo[39m: 	[34mServer beating 💓 on port :: 8000[39m
2024-02-19T00:10:50.237Z [34minfo[39m: 	[34mServer beating 💓 on port :: 8000[39m
2024-02-19T00:11:04.903Z [34minfo[39m: 	[34mServer beating 💓 on port :: 8000[39m
2024-02-19T00:11:08.547Z [34minfo[39m: 	[34mServer beating 💓 on port :: 8000[39m
2024-02-19T00:11:11.378Z [34minfo[39m: 	[34mServer beating 💓 on port :: 8000[39m
2024-02-19T00:12:35.481Z [34minfo[39m: 	[34mServer beating 💓 on port :: 8000[39m
2024-02-19T00:12:40.244Z [34minfo[39m: 	[34mServer beating 💓 on port :: 8000[39m
2024-02-19T00:12:51.177Z [34minfo[39m: 	[34mServer beating 💓 on port :: 8000[39m
2024-02-19T00:46:10.356Z [34minfo[39m: 	[34mServer beating 💓 on port :: 8000[39m
2024-02-19T00:46:13.151Z [34minfo[39m: 	[34mServer beating 💓 on port :: 8000[39m
2024-02-19T00:46:27.156Z [34minfo[39m: 	[34mServer beating 💓 on port :: 8000[39m
2024-02-19T00:46:56.624Z [34minfo[39m: 	[34mServer beating 💓 on port :: 8000[39m
2024-02-19T00:47:00.096Z [34minfo[39m: 	[34mServer beating 💓 on port :: 8000[39m
2024-02-19T00:58:07.000Z [34minfo[39m: 	[34mServer beating 💓 on port :: 8000[39m
2024-02-19T00:58:30.261Z [34minfo[39m: 	[34mServer beating 💓 on port :: 8000[39m
2024-02-19T01:08:44.950Z [34minfo[39m: 	[34mServer beating 💓 on port :: 8000[39m
2024-02-19T01:08:46.777Z [34minfo[39m: 	[34mServer beating 💓 on port :: 8000[39m
2024-02-19T01:11:15.264Z [34minfo[39m: 	[34mServer beating 💓 on port :: 8000[39m
2024-02-19T01:11:18.524Z [34minfo[39m: 	[34mServer beating 💓 on port :: 8000[39m
2024-02-19T01:11:21.194Z [34minfo[39m: 	[34mServer beating 💓 on port :: 8000[39m
2024-02-19T01:11:29.697Z [34minfo[39m: 	[34mServer beating 💓 on port :: 8000[39m
2024-02-19T01:11:35.564Z [34minfo[39m: 	[34mServer beating 💓 on port :: 8000[39m
2024-02-19T01:12:18.403Z [34minfo[39m: 	[34mServer beating 💓 on port :: 8000[39m
2024-02-19T01:12:30.672Z [34minfo[39m: 	[34mServer beating 💓 on port :: 8000[39m
2024-02-19T01:12:34.040Z [34minfo[39m: 	[34mServer beating 💓 on port :: 8000[39m
2024-02-19T01:14:23.467Z [34minfo[39m: 	[34mServer beating 💓 on port :: 8000[39m
2024-02-19T01:16:23.718Z [34minfo[39m: 	[34mServer beating 💓 on port :: 8000[39m
2024-02-19T01:16:29.131Z [34minfo[39m: 	[34mServer beating 💓 on port :: 8000[39m
2024-02-19T01:16:33.010Z [34minfo[39m: 	[34mServer beating 💓 on port :: 8000[39m
2024-02-19T01:16:36.468Z [34minfo[39m: 	[34mServer beating 💓 on port :: 8000[39m
2024-02-19T01:16:41.354Z [34minfo[39m: 	[34mServer beating 💓 on port :: 8000[39m
2024-02-19T01:16:45.136Z [34minfo[39m: 	[34mServer beating 💓 on port :: 8000[39m
2024-02-19T01:16:49.457Z [34minfo[39m: 	[34mServer beating 💓 on port :: 8000[39m
2024-02-19T01:16:56.880Z [34minfo[39m: 	[34mServer beating 💓 on port :: 8000[39m
2024-02-19T01:17:04.169Z [34minfo[39m: 	[34mServer beating 💓 on port :: 8000[39m
2024-02-19T01:17:06.969Z [34minfo[39m: 	[34mServer beating 💓 on port :: 8000[39m
2024-02-19T01:17:09.821Z [34minfo[39m: 	[34mServer beating 💓 on port :: 8000[39m
2024-02-19T01:17:11.471Z [34minfo[39m: 	[34mServer beating 💓 on port :: 8000[39m
2024-02-19T01:17:25.537Z [34minfo[39m: 	[34mServer beating 💓 on port :: 8000[39m
2024-02-19T01:17:52.981Z [34minfo[39m: 	[34mServer beating 💓 on port :: 8000[39m
2024-02-19T01:17:57.764Z [34minfo[39m: 	[34mServer beating 💓 on port :: 8000[39m
2024-02-19T01:18:03.862Z [34minfo[39m: 	[34mServer beating 💓 on port :: 8000[39m
2024-02-19T01:20:36.407Z [34minfo[39m: 	[34mServer beating 💓 on port :: 8000[39m
2024-02-19T01:21:04.902Z [34minfo[39m: 	[34mServer beating 💓 on port :: 8000[39m
2024-02-19T01:21:32.669Z [34minfo[39m: 	[34mServer beating 💓 on port :: 8000[39m
2024-02-19T01:21:37.366Z [34minfo[39m: 	[34mServer beating 💓 on port :: 8000[39m
2024-02-19T01:21:39.060Z [34minfo[39m: 	[34mServer beating 💓 on port :: 8000[39m
2024-02-19T01:22:05.147Z [34minfo[39m: 	[34mServer beating 💓 on port :: 8000[39m
2024-02-19T01:22:07.919Z [34minfo[39m: 	[34mServer beating 💓 on port :: 8000[39m
2024-02-19T01:22:20.447Z [34minfo[39m: 	[34mServer beating 💓 on port :: 8000[39m
2024-02-19T01:22:26.294Z [34minfo[39m: 	[34mServer beating 💓 on port :: 8000[39m
2024-02-19T01:22:30.342Z [34minfo[39m: 	[34mServer beating 💓 on port :: 8000[39m
2024-02-19T01:22:33.523Z [34minfo[39m: 	[34mServer beating 💓 on port :: 8000[39m
2024-02-19T01:23:24.252Z [34minfo[39m: 	[34mServer beating 💓 on port :: 8000[39m
2024-02-19T01:23:26.061Z [34minfo[39m: 	[34mServer beating 💓 on port :: 8000[39m
2024-02-19T01:23:43.530Z [34minfo[39m: 	[34mServer beating 💓 on port :: 8000[39m
2024-02-19T01:25:30.134Z [34minfo[39m: 	[34mServer beating 💓 on port :: 8000[39m
2024-02-19T01:25:49.770Z [34minfo[39m: 	[34mServer beating 💓 on port :: 8000[39m
2024-02-19T01:26:01.417Z [34minfo[39m: 	[34mServer beating 💓 on port :: 8000[39m
2024-02-19T01:33:04.776Z [34minfo[39m: 	[34mServer beating 💓 on port :: 8000[39m
2024-02-19T01:35:38.490Z [34minfo[39m: 	[34mServer beating 💓 on port :: 8000[39m
2024-02-19T01:35:44.369Z [34minfo[39m: 	[34mServer beating 💓 on port :: 8000[39m
2024-02-19T01:37:02.551Z [34minfo[39m: 	[34mServer beating 💓 on port :: 8000[39m
2024-02-19T01:37:04.306Z [34minfo[39m: 	[34mServer beating 💓 on port :: 8000[39m
2024-02-19T01:37:20.549Z [34minfo[39m: 	[34mServer beating 💓 on port :: 8000[39m
2024-02-19T01:37:24.741Z [34minfo[39m: 	[34mServer beating 💓 on port :: 8000[39m
2024-02-19T01:37:40.270Z [34minfo[39m: 	[34mServer beating 💓 on port :: 8000[39m
2024-02-19T01:38:33.445Z [34minfo[39m: 	[34mServer beating 💓 on port :: 8000[39m
2024-02-19T01:39:56.980Z [34minfo[39m: 	[34mServer beating 💓 on port :: 8000[39m
2024-02-19T01:42:39.125Z [34minfo[39m: 	[34mServer beating 💓 on port :: 8000[39m
2024-02-19T01:43:41.818Z [34minfo[39m: 	[34mServer beating 💓 on port :: 8000[39m
2024-02-19T01:44:43.127Z [34minfo[39m: 	[34mServer beating 💓 on port :: 8000[39m
2024-02-19T01:44:45.198Z [34minfo[39m: 	[34mServer beating 💓 on port :: 8000[39m
2024-02-19T01:50:48.599Z [34minfo[39m: 	[34mServer beating 💓 on port :: 8000[39m
2024-02-19T01:51:00.735Z [34minfo[39m: 	[34mServer beating 💓 on port :: 8000[39m
2024-02-19T01:52:24.740Z [34minfo[39m: 	[34mServer beating 💓 on port :: 8000[39m
2024-02-19T01:52:45.385Z [34minfo[39m: 	[34mServer beating 💓 on port :: 8000[39m
2024-02-19T01:52:47.833Z [34minfo[39m: 	[34mServer beating 💓 on port :: 8000[39m
2024-02-19T01:55:03.086Z [34minfo[39m: 	[34mServer beating 💓 on port :: 8000[39m
2024-02-19T01:55:13.090Z [34minfo[39m: 	[34mServer beating 💓 on port :: 8000[39m
2024-02-19T01:55:48.603Z [34minfo[39m: 	[34mServer beating 💓 on port :: 8000[39m
2024-02-19T01:55:51.536Z [34minfo[39m: 	[34mServer beating 💓 on port :: 8000[39m
2024-02-19T01:55:54.285Z [34minfo[39m: 	[34mServer beating 💓 on port :: 8000[39m
2024-02-19T01:55:58.308Z [34minfo[39m: 	[34mServer beating 💓 on port :: 8000[39m
2024-02-19T01:56:01.847Z [34minfo[39m: 	[34mServer beating 💓 on port :: 8000[39m
2024-02-19T01:56:06.050Z [34minfo[39m: 	[34mServer beating 💓 on port :: 8000[39m
2024-02-19T01:56:36.641Z [34minfo[39m: 	[34mServer beating 💓 on port :: 8000[39m
2024-02-19T01:57:05.369Z [34minfo[39m: 	[34mServer beating 💓 on port :: 8000[39m
2024-02-19T01:57:09.375Z [34minfo[39m: 	[34mServer beating 💓 on port :: 8000[39m
2024-02-19T01:57:13.650Z [34minfo[39m: 	[34mServer beating 💓 on port :: 8000[39m
2024-02-19T01:57:21.964Z [34minfo[39m: 	[34mServer beating 💓 on port :: 8000[39m
2024-02-19T01:58:59.390Z [34minfo[39m: 	[34mServer beating 💓 on port :: 8000[39m
2024-02-19T15:18:46.217Z [34minfo[39m: 	[34mServer beating 💓 on port :: 8000[39m
2024-02-19T15:19:13.465Z [34minfo[39m: 	[34mServer beating 💓 on port :: 8000[39m
2024-02-19T15:19:17.887Z [34minfo[39m: 	[34mServer beating 💓 on port :: 8000[39m
2024-02-19T15:19:24.849Z [34minfo[39m: 	[34mServer beating 💓 on port :: 8000[39m
2024-02-19T15:19:34.512Z [34minfo[39m: 	[34mServer beating 💓 on port :: 8000[39m
2024-02-19T15:19:42.884Z [34minfo[39m: 	[34mServer beating 💓 on port :: 8000[39m
2024-02-19T15:19:48.586Z [34minfo[39m: 	[34mServer beating 💓 on port :: 8000[39m
2024-02-19T15:19:50.708Z [34minfo[39m: 	[34mServer beating 💓 on port :: 8000[39m
2024-02-19T15:20:52.408Z [34minfo[39m: 	[34mServer beating 💓 on port :: 8000[39m
2024-02-19T15:21:15.327Z [34minfo[39m: 	[34mServer beating 💓 on port :: 8000[39m
2024-02-19T15:22:21.762Z [34minfo[39m: 	[34mServer beating 💓 on port :: 8000[39m
2024-02-19T15:47:58.524Z [34minfo[39m: 	[34mServer beating 💓 on port :: 8000[39m
2024-02-19T15:48:40.401Z [34minfo[39m: 	[34mServer beating 💓 on port :: 8000[39m
2024-02-19T15:48:55.932Z [34minfo[39m: 	[34mServer beating 💓 on port :: 8000[39m
2024-02-19T15:48:58.647Z [34minfo[39m: 	[34mServer beating 💓 on port :: 8000[39m
2024-02-19T15:50:57.761Z [34minfo[39m: 	[34mServer beating 💓 on port :: 8000[39m
2024-02-19T15:51:48.999Z [34minfo[39m: 	[34mServer beating 💓 on port :: 8000[39m
2024-02-19T15:52:23.312Z [34minfo[39m: 	[34mServer beating 💓 on port :: 8000[39m
2024-02-19T15:53:24.395Z [34minfo[39m: 	[34mServer beating 💓 on port :: 8000[39m
2024-02-19T15:53:57.721Z [34minfo[39m: 	[34mServer beating 💓 on port :: 8000[39m
2024-02-19T15:54:01.117Z [34minfo[39m: 	[34mServer beating 💓 on port :: 8000[39m
2024-02-19T15:54:04.356Z [34minfo[39m: 	[34mServer beating 💓 on port :: 8000[39m
2024-02-19T15:56:15.348Z [34minfo[39m: 	[34mServer beating 💓 on port :: 8000[39m
2024-02-19T15:56:18.505Z [34minfo[39m: 	[34mServer beating 💓 on port :: 8000[39m
2024-02-19T15:56:21.233Z [34minfo[39m: 	[34mServer beating 💓 on port :: 8000[39m
2024-02-19T15:56:43.345Z [34minfo[39m: 	[34mServer beating 💓 on port :: 8000[39m
2024-02-19T15:57:12.755Z [34minfo[39m: 	[34mServer beating 💓 on port :: 8000[39m
2024-02-19T15:57:58.690Z [34minfo[39m: 	[34mServer beating 💓 on port :: 8000[39m
2024-02-19T16:22:45.811Z [34minfo[39m: 	[34mServer beating 💓 on port :: 8000[39m
2024-02-19T16:22:46.996Z [34minfo[39m: 	[34mServer beating 💓 on port :: 8000[39m
2024-02-19T16:22:48.917Z [34minfo[39m: 	[34mServer beating 💓 on port :: 8000[39m
2024-02-19T16:22:55.437Z [34minfo[39m: 	[34mServer beating 💓 on port :: 8000[39m
2024-02-19T16:23:32.727Z [34minfo[39m: 	[34mServer beating 💓 on port :: 8000[39m
2024-02-19T16:23:39.652Z [34minfo[39m: 	[34mServer beating 💓 on port :: 8000[39m
2024-02-19T16:23:43.682Z [34minfo[39m: 	[34mServer beating 💓 on port :: 8000[39m
2024-02-19T16:26:20.467Z [34minfo[39m: 	[34mServer beating 💓 on port :: 8000[39m
2024-02-19T16:28:20.063Z [34minfo[39m: 	[34mServer beating 💓 on port :: 8000[39m
2024-02-19T16:28:30.476Z [34minfo[39m: 	[34mServer beating 💓 on port :: 8000[39m
2024-02-19T16:28:35.034Z [34minfo[39m: 	[34mServer beating 💓 on port :: 8000[39m
2024-02-19T16:29:28.633Z [34minfo[39m: 	[34mServer beating 💓 on port :: 8000[39m
2024-02-19T16:30:00.297Z [34minfo[39m: 	[34mServer beating 💓 on port :: 8000[39m
2024-02-19T16:30:18.296Z [34minfo[39m: 	[34mServer beating 💓 on port :: 8000[39m
2024-02-19T16:31:27.576Z [34minfo[39m: 	[34mServer beating 💓 on port :: 8000[39m
2024-02-19T16:31:29.476Z [34minfo[39m: 	[34mServer beating 💓 on port :: 8000[39m
2024-02-19T16:31:50.497Z [34minfo[39m: 	[34mServer beating 💓 on port :: 8000[39m
2024-02-19T16:32:27.847Z [34minfo[39m: 	[34mServer beating 💓 on port :: 8000[39m
2024-02-19T16:32:32.058Z [34minfo[39m: 	[34mServer beating 💓 on port :: 8000[39m
2024-02-19T16:32:33.663Z [34minfo[39m: 	[34mServer beating 💓 on port :: 8000[39m
2024-02-19T16:32:47.175Z [34minfo[39m: 	[34mServer beating 💓 on port :: 8000[39m
2024-02-19T16:33:02.578Z [34minfo[39m: 	[34mServer beating 💓 on port :: 8000[39m
2024-02-19T16:34:26.294Z [34minfo[39m: 	[34mServer beating 💓 on port :: 8000[39m
2024-02-19T16:34:50.404Z [34minfo[39m: 	[34mServer beating 💓 on port :: 8000[39m
2024-02-19T16:35:03.585Z [34minfo[39m: 	[34mServer beating 💓 on port :: 8000[39m
2024-02-19T16:35:05.358Z [34minfo[39m: 	[34mServer beating 💓 on port :: 8000[39m
2024-02-19T16:35:09.048Z [34minfo[39m: 	[34mServer beating 💓 on port :: 8000[39m
2024-02-19T16:35:11.387Z [34minfo[39m: 	[34mServer beating 💓 on port :: 8000[39m
2024-02-19T16:35:12.933Z [34minfo[39m: 	[34mServer beating 💓 on port :: 8000[39m
2024-02-19T16:48:55.988Z [34minfo[39m: 	[34mServer beating 💓 on port :: 8000[39m
2024-02-19T16:49:02.604Z [34minfo[39m: 	[34mServer beating 💓 on port :: 8000[39m
2024-02-19T16:50:05.059Z [34minfo[39m: 	[34mServer beating 💓 on port :: 8000[39m
2024-02-19T16:51:06.722Z [34minfo[39m: 	[34mServer beating 💓 on port :: 8000[39m
2024-02-19T16:52:39.965Z [34minfo[39m: 	[34mServer beating 💓 on port :: 8000[39m
2024-02-19T16:53:03.793Z [34minfo[39m: 	[34mServer beating 💓 on port :: 8000[39m
2024-02-19T16:53:06.804Z [34minfo[39m: 	[34mServer beating 💓 on port :: 8000[39m
2024-02-19T16:53:08.633Z [34minfo[39m: 	[34mServer beating 💓 on port :: 8000[39m
2024-02-19T16:53:32.315Z [34minfo[39m: 	[34mServer beating 💓 on port :: 8000[39m
2024-02-19T16:54:45.862Z [34minfo[39m: 	[34mServer beating 💓 on port :: 8000[39m
2024-02-19T16:56:09.480Z [34minfo[39m: 	[34mServer beating 💓 on port :: 8000[39m
2024-02-19T16:56:20.069Z [34minfo[39m: 	[34mServer beating 💓 on port :: 8000[39m
2024-02-19T16:56:25.284Z [34minfo[39m: 	[34mServer beating 💓 on port :: 8000[39m
2024-02-19T16:56:27.751Z [34minfo[39m: 	[34mServer beating 💓 on port :: 8000[39m
2024-02-19T16:56:30.456Z [34minfo[39m: 	[34mServer beating 💓 on port :: 8000[39m
2024-02-19T16:57:08.072Z [34minfo[39m: 	[34mServer beating 💓 on port :: 8000[39m
2024-02-19T16:57:23.426Z [34minfo[39m: 	[34mServer beating 💓 on port :: 8000[39m
2024-02-19T16:57:37.516Z [34minfo[39m: 	[34mServer beating 💓 on port :: 8000[39m
2024-02-19T16:58:12.518Z [34minfo[39m: 	[34mServer beating 💓 on port :: 8000[39m
2024-02-19T16:58:36.899Z [34minfo[39m: 	[34mServer beating 💓 on port :: 8000[39m
2024-02-19T16:58:44.409Z [34minfo[39m: 	[34mServer beating 💓 on port :: 8000[39m
2024-02-19T17:18:07.908Z [34minfo[39m: 	[34mServer beating 💓 on port :: 8000[39m
2024-02-19T17:18:26.755Z [34minfo[39m: 	[34mServer beating 💓 on port :: 8000[39m
2024-02-19T17:18:31.512Z [34minfo[39m: 	[34mServer beating 💓 on port :: 8000[39m
2024-02-19T17:18:34.095Z [34minfo[39m: 	[34mServer beating 💓 on port :: 8000[39m
2024-02-19T17:18:36.996Z [34minfo[39m: 	[34mServer beating 💓 on port :: 8000[39m
2024-02-19T17:18:42.045Z [34minfo[39m: 	[34mServer beating 💓 on port :: 8000[39m
2024-02-19T17:18:55.615Z [34minfo[39m: 	[34mServer beating 💓 on port :: 8000[39m
2024-02-19T17:19:05.116Z [34minfo[39m: 	[34mServer beating 💓 on port :: 8000[39m
2024-02-19T17:19:10.073Z [34minfo[39m: 	[34mServer beating 💓 on port :: 8000[39m
2024-02-19T17:21:07.988Z [34minfo[39m: 	[34mServer beating 💓 on port :: 8000[39m
2024-02-19T17:24:06.823Z [34minfo[39m: 	[34mServer beating 💓 on port :: 8000[39m
2024-02-19T17:24:08.961Z [34minfo[39m: 	[34mServer beating 💓 on port :: 8000[39m
2024-02-19T17:24:25.075Z [34minfo[39m: 	[34mServer beating 💓 on port :: 8000[39m
2024-02-19T17:24:38.657Z [34minfo[39m: 	[34mServer beating 💓 on port :: 8000[39m
2024-02-19T17:24:48.457Z [34minfo[39m: 	[34mServer beating 💓 on port :: 8000[39m
2024-02-19T17:24:51.418Z [34minfo[39m: 	[34mServer beating 💓 on port :: 8000[39m
2024-02-19T22:16:58.018Z [34minfo[39m: 	[34mServer beating 💓 on port :: 8000[39m
2024-02-19T22:35:22.318Z [34minfo[39m: 	[34mServer beating 💓 on port :: 8000[39m
2024-02-19T22:44:48.812Z [34minfo[39m: 	[34mServer beating 💓 on port :: 8000[39m
2024-02-19T22:47:45.776Z [34minfo[39m: 	[34mServer beating 💓 on port :: 8000[39m
2024-02-19T22:48:34.560Z [34minfo[39m: 	[34mServer beating 💓 on port :: 8000[39m
2024-02-19T22:48:48.797Z [34minfo[39m: 	[34mServer beating 💓 on port :: 8000[39m
2024-02-19T22:48:50.870Z [34minfo[39m: 	[34mServer beating 💓 on port :: 8000[39m
2024-02-19T22:49:22.471Z [34minfo[39m: 	[34mServer beating 💓 on port :: 8000[39m
2024-02-19T22:49:51.245Z [34minfo[39m: 	[34mServer beating 💓 on port :: 8000[39m
2024-02-19T22:50:00.612Z [34minfo[39m: 	[34mServer beating 💓 on port :: 8000[39m
2024-02-19T22:50:01.601Z [34minfo[39m: 	[34mServer beating 💓 on port :: 8000[39m
2024-02-19T22:50:04.044Z [34minfo[39m: 	[34mServer beating 💓 on port :: 8000[39m
2024-02-19T22:50:36.283Z [34minfo[39m: 	[34mServer beating 💓 on port :: 8000[39m
2024-02-19T22:51:01.684Z [34minfo[39m: 	[34mServer beating 💓 on port :: 8000[39m
2024-02-19T22:51:28.949Z [34minfo[39m: 	[34mServer beating 💓 on port :: 8000[39m
2024-02-19T22:51:31.466Z [34minfo[39m: 	[34mServer beating 💓 on port :: 8000[39m
2024-02-19T22:51:50.192Z [34minfo[39m: 	[34mServer beating 💓 on port :: 8000[39m
2024-02-19T22:52:43.379Z [34minfo[39m: 	[34mServer beating 💓 on port :: 8000[39m
2024-02-19T22:52:47.392Z [34minfo[39m: 	[34mServer beating 💓 on port :: 8000[39m
2024-02-19T22:58:36.346Z [34minfo[39m: 	[34mServer beating 💓 on port :: 8000[39m
2024-02-19T22:58:39.573Z [34minfo[39m: 	[34mServer beating 💓 on port :: 8000[39m
2024-02-19T23:01:58.843Z [34minfo[39m: 	[34mServer beating 💓 on port :: 8000[39m
2024-02-19T23:02:02.923Z [34minfo[39m: 	[34mServer beating 💓 on port :: 8000[39m
2024-02-19T23:05:10.583Z [34minfo[39m: 	[34mServer beating 💓 on port :: 8000[39m
2024-02-19T23:05:46.012Z [34minfo[39m: 	[34mServer beating 💓 on port :: 8000[39m
2024-02-19T23:05:49.515Z [34minfo[39m: 	[34mServer beating 💓 on port :: 8000[39m
2024-02-19T23:06:04.095Z [31merror[39m: 	[31mVideo Url Invalid xJGknPWd0mo : Error: Attribute THREAT does not support request languages: und[39m
2024-02-19T23:06:43.115Z [34minfo[39m: 	[34mServer beating 💓 on port :: 8000[39m
2024-02-19T23:07:04.915Z [34minfo[39m: 	[34mServer beating 💓 on port :: 8000[39m
2024-02-19T23:07:06.322Z [34minfo[39m: 	[34mServer beating 💓 on port :: 8000[39m
2024-02-19T23:07:47.851Z [31merror[39m: 	[31mVideo Url Invalid xJGknPWd0mo : Error: Attribute THREAT does not support request languages: und[39m
2024-02-19T23:11:56.968Z [34minfo[39m: 	[34mServer beating 💓 on port :: 8000[39m
2024-02-19T23:11:59.182Z [31merror[39m: 	[31mVideo Url Invalid xUPH4YLKY_4 : Error: Attribute PROFANITY does not support request languages: ceb[39m
2024-02-19T23:12:03.312Z [31merror[39m: 	[31mVideo Url Invalid xUPH4YLKY_4 : Error: Attribute TOXICITY does not support request languages: ceb[39m
2024-02-19T23:12:28.487Z [31merror[39m: 	[31mVideo Url Invalid xUPH4YLKY_4 : Error: Attribute TOXICITY does not support request languages: ceb[39m
2024-02-19T23:14:21.651Z [31merror[39m: 	[31mVideo Url Invalid E3a11Xi4YH0 : Error: Attribute PROFANITY does not support request languages: bm[39m
2024-02-19T23:18:09.604Z [34minfo[39m: 	[34mServer beating 💓 on port :: 8000[39m
2024-02-19T23:18:12.771Z [34minfo[39m: 	[34mServer beating 💓 on port :: 8000[39m
2024-02-19T23:19:09.278Z [34minfo[39m: 	[34mServer beating 💓 on port :: 8000[39m
2024-02-19T23:19:13.559Z [34minfo[39m: 	[34mServer beating 💓 on port :: 8000[39m
2024-02-19T23:19:28.376Z [34minfo[39m: 	[34mServer beating 💓 on port :: 8000[39m
2024-02-19T23:19:31.534Z [34minfo[39m: 	[34mServer beating 💓 on port :: 8000[39m
2024-02-19T23:19:40.223Z [34minfo[39m: 	[34mServer beating 💓 on port :: 8000[39m
2024-02-19T23:19:43.867Z [34minfo[39m: 	[34mServer beating 💓 on port :: 8000[39m
2024-02-19T23:19:53.936Z [31merror[39m: 	[31mVideo Url Invalid xUPH4YLKY_4 : Error: Attribute IDENTITY_ATTACK does not support request languages: ceb[39m
2024-02-19T23:20:14.598Z [34minfo[39m: 	[34mServer beating 💓 on port :: 8000[39m
2024-02-19T23:20:16.324Z [31merror[39m: 	[31mVideo Url Invalid xUPH4YLKY_4 : Error: Attribute INSULT does not support request languages: ceb[39m
2024-02-19T23:21:04.872Z [34minfo[39m: 	[34mServer beating 💓 on port :: 8000[39m
2024-02-19T23:24:05.670Z [34minfo[39m: 	[34mServer beating 💓 on port :: 8000[39m
2024-02-19T23:24:18.206Z [34minfo[39m: 	[34mServer beating 💓 on port :: 8000[39m
2024-02-19T23:27:47.344Z [34minfo[39m: 	[34mServer beating 💓 on port :: 8000[39m
2024-02-19T23:27:49.302Z [34minfo[39m: 	[34mServer beating 💓 on port :: 8000[39m
2024-02-19T23:27:54.112Z [34minfo[39m: 	[34mServer beating 💓 on port :: 8000[39m
2024-02-19T23:27:59.265Z [34minfo[39m: 	[34mServer beating 💓 on port :: 8000[39m
2024-02-19T23:28:05.106Z [31merror[39m: 	[31mVideo Url Invalid xUPH4YLKY_4 : Error: Attribute TOXICITY does not support request languages: ceb[39m
2024-02-19T23:28:12.395Z [34minfo[39m: 	[34mServer beating 💓 on port :: 8000[39m
2024-02-19T23:28:17.451Z [34minfo[39m: 	[34mServer beating 💓 on port :: 8000[39m
2024-02-19T23:29:08.787Z [34minfo[39m: 	[34mServer beating 💓 on port :: 8000[39m
2024-02-19T23:29:12.726Z [34minfo[39m: 	[34mServer beating 💓 on port :: 8000[39m
2024-02-19T23:29:20.261Z [34minfo[39m: 	[34mServer beating 💓 on port :: 8000[39m
2024-02-19T23:29:26.335Z [31merror[39m: 	[31mVideo Url Invalid xUPH4YLKY_4 : Error: Attribute TOXICITY does not support request languages: ceb[39m
2024-02-19T23:29:38.380Z [34minfo[39m: 	[34mServer beating 💓 on port :: 8000[39m
2024-02-19T23:29:40.673Z [34minfo[39m: 	[34mServer beating 💓 on port :: 8000[39m
2024-02-19T23:29:49.446Z [34minfo[39m: 	[34mServer beating 💓 on port :: 8000[39m
2024-02-19T23:29:51.405Z [31merror[39m: 	[31mVideo Url Invalid xUPH4YLKY_4 : Error: Attribute THREAT does not support request languages: ceb[39m
2024-02-19T23:30:33.990Z [34minfo[39m: 	[34mServer beating 💓 on port :: 8000[39m
2024-02-19T23:30:56.819Z [31merror[39m: 	[31mVideo Url Invalid xUPH4YLKY_4 : Error: Attribute TOXICITY does not support request languages: ceb[39m
2024-02-19T23:31:09.986Z [34minfo[39m: 	[34mServer beating 💓 on port :: 8000[39m
2024-02-19T23:31:11.907Z [31merror[39m: 	[31mVideo Url Invalid xUPH4YLKY_4 : Error: Attribute IDENTITY_ATTACK does not support request languages: ceb[39m
2024-02-19T23:31:20.051Z [34minfo[39m: 	[34mServer beating 💓 on port :: 8000[39m
2024-02-19T23:33:03.582Z [34minfo[39m: 	[34mServer beating 💓 on port :: 8000[39m
2024-02-19T23:33:16.556Z [34minfo[39m: 	[34mServer beating 💓 on port :: 8000[39m
2024-02-19T23:35:29.924Z [34minfo[39m: 	[34mServer beating 💓 on port :: 8000[39m
2024-02-19T23:35:41.131Z [34minfo[39m: 	[34mServer beating 💓 on port :: 8000[39m
2024-02-19T23:35:52.717Z [34minfo[39m: 	[34mServer beating 💓 on port :: 8000[39m
2024-02-19T23:36:34.978Z [34minfo[39m: 	[34mServer beating 💓 on port :: 8000[39m
2024-02-19T23:36:52.556Z [34minfo[39m: 	[34mServer beating 💓 on port :: 8000[39m
2024-02-19T23:37:40.733Z [34minfo[39m: 	[34mServer beating 💓 on port :: 8000[39m
2024-02-19T23:38:10.997Z [34minfo[39m: 	[34mServer beating 💓 on port :: 8000[39m
2024-02-19T23:38:21.259Z [34minfo[39m: 	[34mServer beating 💓 on port :: 8000[39m
2024-02-19T23:38:31.230Z [34minfo[39m: 	[34mServer beating 💓 on port :: 8000[39m
2024-02-19T23:39:42.134Z [34minfo[39m: 	[34mServer beating 💓 on port :: 8000[39m
2024-02-19T23:53:56.323Z [34minfo[39m: 	[34mServer beating 💓 on port :: 8000[39m
2024-02-19T23:54:02.133Z [34minfo[39m: 	[34mServer beating 💓 on port :: 8000[39m
2024-02-19T23:54:15.090Z [34minfo[39m: 	[34mServer beating 💓 on port :: 8000[39m
2024-02-19T23:54:40.830Z [34minfo[39m: 	[34mServer beating 💓 on port :: 8000[39m
2024-02-19T23:54:42.159Z [34minfo[39m: 	[34mServer beating 💓 on port :: 8000[39m
2024-02-19T23:54:43.896Z [31merror[39m: 	[31mVideo Url Invalid xUPH4YLKY_4 : SyntaxError: "[object Object]" is not valid JSON[39m
2024-02-19T23:54:51.329Z [34minfo[39m: 	[34mServer beating 💓 on port :: 8000[39m
2024-02-19T23:55:09.688Z [34minfo[39m: 	[34mServer beating 💓 on port :: 8000[39m
2024-02-19T23:55:25.020Z [34minfo[39m: 	[34mServer beating 💓 on port :: 8000[39m
2024-02-19T23:55:37.447Z [34minfo[39m: 	[34mServer beating 💓 on port :: 8000[39m
2024-02-19T23:55:41.051Z [34minfo[39m: 	[34mServer beating 💓 on port :: 8000[39m
2024-02-19T23:55:46.806Z [34minfo[39m: 	[34mServer beating 💓 on port :: 8000[39m
2024-02-20T00:00:29.352Z [34minfo[39m: 	[34mServer beating 💓 on port :: 8000[39m
2024-02-20T00:19:00.623Z [34minfo[39m: 	[34mServer beating 💓 on port :: 8000[39m
2024-02-20T00:24:43.238Z [34minfo[39m: 	[34mServer beating 💓 on port :: 8000[39m
2024-02-20T00:56:54.842Z [34minfo[39m: 	[34mServer beating 💓 on port :: 8000[39m
2024-02-20T00:57:34.322Z [34minfo[39m: 	[34mServer beating 💓 on port :: 8000[39m
2024-02-20T00:57:38.641Z [34minfo[39m: 	[34mServer beating 💓 on port :: 8000[39m
2024-02-20T00:57:40.469Z [34minfo[39m: 	[34mServer beating 💓 on port :: 8000[39m
2024-02-20T01:06:13.325Z [34minfo[39m: 	[34mServer beating 💓 on port :: 8000[39m
2024-02-20T01:09:55.003Z [34minfo[39m: 	[34mServer beating 💓 on port :: 8000[39m
2024-02-20T01:10:52.678Z [34minfo[39m: 	[34mServer beating 💓 on port :: 8000[39m
